[2021-12-03 00:44:00,178] multiqc                                            [DEBUG  ]  This is MultiQC v1.11
[2021-12-03 00:44:00,178] multiqc                                            [DEBUG  ]  No MultiQC config found: /usr/local/lib/python3.7/dist-packages/multiqc_config.yaml
[2021-12-03 00:44:00,180] multiqc                                            [DEBUG  ]  No MultiQC config found: /root/.multiqc_config.yaml
[2021-12-03 00:44:00,180] multiqc                                            [DEBUG  ]  No MultiQC config found: multiqc_config.yaml
[2021-12-03 00:44:00,180] multiqc                                            [DEBUG  ]  Command used: /usr/local/bin/multiqc fastqc -o multiqc
[2021-12-03 00:44:00,459] multiqc                                            [DEBUG  ]  Latest MultiQC version is v1.11
[2021-12-03 00:44:00,459] multiqc                                            [DEBUG  ]  Command     : /usr/local/bin/multiqc fastqc -o multiqc
[2021-12-03 00:44:00,459] multiqc                                            [DEBUG  ]  Working dir : /content
[2021-12-03 00:44:00,459] multiqc                                            [DEBUG  ]  Template    : default
[2021-12-03 00:44:00,460] multiqc                                            [DEBUG  ]  Running Python 3.7.12 (default, Sep 10 2021, 00:21:48)  [GCC 7.5.0]
[2021-12-03 00:44:00,460] multiqc                                            [DEBUG  ]  Analysing modules: custom_content, ccs, ngsderive, purple, conpair, lima, peddy, somalier, methylQA, mosdepth, phantompeakqualtools, qualimap, preseq, quast, qorts, rna_seqc, rockhopper, rsem, rseqc, busco, bustools, goleft_indexcov, gffcompare, disambiguate, supernova, deeptools, sargasso, verifybamid, mirtrace, happy, mirtop, sambamba, homer, hops, macs2, theta2, snpeff, gatk, htseq, bcftools, featureCounts, fgbio, dragen, dedup, damageprofiler, biobambam2, jcvi, mtnucratio, picard, vep, sentieon, prokka, qc3C, nanostat, samblaster, samtools, sexdeterrmine, eigenstratdatabasetools, bamtools, jellyfish, vcftools, longranger, stacks, varscan2, snippy, bbmap, bismark, biscuit, hicexplorer, hicup, hicpro, salmon, kallisto, slamdunk, star, hisat2, tophat, bowtie2, bowtie1, snpsplit, odgi, pangolin, kat, leehom, adapterRemoval, clipandmerge, cutadapt, flexbar, kaiju, kraken, malt, trimmomatic, sickle, skewer, sortmerna, biobloomtools, fastq_screen, afterqc, fastp, fastqc, pychopper, pycoqc, minionqc, multivcfanalyzer, clusterflow, bcl2fastq, bclconvert, interop, ivar, flash, seqyclean, optitype
[2021-12-03 00:44:00,460] multiqc                                            [DEBUG  ]  Using temporary directory for creating report: /tmp/tmpm1tf4zm0
[2021-12-03 00:44:00,610] multiqc                                            [INFO   ]  Search path : /content/fastqc
[2021-12-03 00:44:00,660] multiqc                                            [DEBUG  ]  File ignored by ccs/v4 because it exceeded search pattern filesize limit: SRR3414635_1_fastqc.html
[2021-12-03 00:44:00,662] multiqc                                            [DEBUG  ]  File ignored by hicexplorer because it exceeded search pattern filesize limit: SRR3414635_1_fastqc.html
[2021-12-03 00:44:00,662] multiqc                                            [DEBUG  ]  File ignored by nanostat because it exceeded search pattern filesize limit: SRR3414635_1_fastqc.html
[2021-12-03 00:44:00,662] multiqc                                            [DEBUG  ]  File ignored by lima/summary because it exceeded search pattern filesize limit: SRR3414635_1_fastqc.html
[2021-12-03 00:44:00,665] multiqc                                            [DEBUG  ]  File ignored by vep/vep_txt because it exceeded search pattern filesize limit: SRR3414635_1_fastqc.html
[2021-12-03 00:44:00,665] multiqc                                            [DEBUG  ]  File ignored by longranger/invocation because it exceeded search pattern filesize limit: SRR3414635_1_fastqc.html
[2021-12-03 00:44:00,665] multiqc                                            [DEBUG  ]  File ignored by rockhopper because it exceeded search pattern filesize limit: SRR3414635_1_fastqc.html
[2021-12-03 00:44:00,665] multiqc                                            [DEBUG  ]  File ignored by rseqc/bam_stat because it exceeded search pattern filesize limit: SRR3414635_1_fastqc.html
[2021-12-03 00:44:00,665] multiqc                                            [DEBUG  ]  File ignored by rseqc/junction_annotation because it exceeded search pattern filesize limit: SRR3414635_1_fastqc.html
[2021-12-03 00:44:00,665] multiqc                                            [DEBUG  ]  File ignored by rseqc/read_distribution because it exceeded search pattern filesize limit: SRR3414635_1_fastqc.html
[2021-12-03 00:44:00,666] multiqc                                            [DEBUG  ]  File ignored by rseqc/infer_experiment because it exceeded search pattern filesize limit: SRR3414635_1_fastqc.html
[2021-12-03 00:44:00,751] multiqc                                            [DEBUG  ]  File ignored by ccs/v4 because it exceeded search pattern filesize limit: SRR3414637_1_fastqc.html
[2021-12-03 00:44:00,752] multiqc                                            [DEBUG  ]  File ignored by hicexplorer because it exceeded search pattern filesize limit: SRR3414637_1_fastqc.html
[2021-12-03 00:44:00,752] multiqc                                            [DEBUG  ]  File ignored by nanostat because it exceeded search pattern filesize limit: SRR3414637_1_fastqc.html
[2021-12-03 00:44:00,752] multiqc                                            [DEBUG  ]  File ignored by lima/summary because it exceeded search pattern filesize limit: SRR3414637_1_fastqc.html
[2021-12-03 00:44:00,754] multiqc                                            [DEBUG  ]  File ignored by vep/vep_txt because it exceeded search pattern filesize limit: SRR3414637_1_fastqc.html
[2021-12-03 00:44:00,754] multiqc                                            [DEBUG  ]  File ignored by longranger/invocation because it exceeded search pattern filesize limit: SRR3414637_1_fastqc.html
[2021-12-03 00:44:00,754] multiqc                                            [DEBUG  ]  File ignored by rockhopper because it exceeded search pattern filesize limit: SRR3414637_1_fastqc.html
[2021-12-03 00:44:00,754] multiqc                                            [DEBUG  ]  File ignored by rseqc/bam_stat because it exceeded search pattern filesize limit: SRR3414637_1_fastqc.html
[2021-12-03 00:44:00,754] multiqc                                            [DEBUG  ]  File ignored by rseqc/junction_annotation because it exceeded search pattern filesize limit: SRR3414637_1_fastqc.html
[2021-12-03 00:44:00,754] multiqc                                            [DEBUG  ]  File ignored by rseqc/read_distribution because it exceeded search pattern filesize limit: SRR3414637_1_fastqc.html
[2021-12-03 00:44:00,754] multiqc                                            [DEBUG  ]  File ignored by rseqc/infer_experiment because it exceeded search pattern filesize limit: SRR3414637_1_fastqc.html
[2021-12-03 00:44:00,846] multiqc                                            [DEBUG  ]  File ignored by ccs/v4 because it exceeded search pattern filesize limit: SRR3414631_1_fastqc.html
[2021-12-03 00:44:00,847] multiqc                                            [DEBUG  ]  File ignored by hicexplorer because it exceeded search pattern filesize limit: SRR3414631_1_fastqc.html
[2021-12-03 00:44:00,848] multiqc                                            [DEBUG  ]  File ignored by nanostat because it exceeded search pattern filesize limit: SRR3414631_1_fastqc.html
[2021-12-03 00:44:00,848] multiqc                                            [DEBUG  ]  File ignored by lima/summary because it exceeded search pattern filesize limit: SRR3414631_1_fastqc.html
[2021-12-03 00:44:00,850] multiqc                                            [DEBUG  ]  File ignored by vep/vep_txt because it exceeded search pattern filesize limit: SRR3414631_1_fastqc.html
[2021-12-03 00:44:00,850] multiqc                                            [DEBUG  ]  File ignored by longranger/invocation because it exceeded search pattern filesize limit: SRR3414631_1_fastqc.html
[2021-12-03 00:44:00,850] multiqc                                            [DEBUG  ]  File ignored by rockhopper because it exceeded search pattern filesize limit: SRR3414631_1_fastqc.html
[2021-12-03 00:44:00,850] multiqc                                            [DEBUG  ]  File ignored by rseqc/bam_stat because it exceeded search pattern filesize limit: SRR3414631_1_fastqc.html
[2021-12-03 00:44:00,850] multiqc                                            [DEBUG  ]  File ignored by rseqc/junction_annotation because it exceeded search pattern filesize limit: SRR3414631_1_fastqc.html
[2021-12-03 00:44:00,850] multiqc                                            [DEBUG  ]  File ignored by rseqc/read_distribution because it exceeded search pattern filesize limit: SRR3414631_1_fastqc.html
[2021-12-03 00:44:00,850] multiqc                                            [DEBUG  ]  File ignored by rseqc/infer_experiment because it exceeded search pattern filesize limit: SRR3414631_1_fastqc.html
[2021-12-03 00:44:00,935] multiqc                                            [DEBUG  ]  File ignored by ccs/v4 because it exceeded search pattern filesize limit: SRR3414636_1_fastqc.html
[2021-12-03 00:44:00,936] multiqc                                            [DEBUG  ]  File ignored by hicexplorer because it exceeded search pattern filesize limit: SRR3414636_1_fastqc.html
[2021-12-03 00:44:00,936] multiqc                                            [DEBUG  ]  File ignored by nanostat because it exceeded search pattern filesize limit: SRR3414636_1_fastqc.html
[2021-12-03 00:44:00,936] multiqc                                            [DEBUG  ]  File ignored by lima/summary because it exceeded search pattern filesize limit: SRR3414636_1_fastqc.html
[2021-12-03 00:44:00,938] multiqc                                            [DEBUG  ]  File ignored by vep/vep_txt because it exceeded search pattern filesize limit: SRR3414636_1_fastqc.html
[2021-12-03 00:44:00,938] multiqc                                            [DEBUG  ]  File ignored by longranger/invocation because it exceeded search pattern filesize limit: SRR3414636_1_fastqc.html
[2021-12-03 00:44:00,938] multiqc                                            [DEBUG  ]  File ignored by rockhopper because it exceeded search pattern filesize limit: SRR3414636_1_fastqc.html
[2021-12-03 00:44:00,939] multiqc                                            [DEBUG  ]  File ignored by rseqc/bam_stat because it exceeded search pattern filesize limit: SRR3414636_1_fastqc.html
[2021-12-03 00:44:00,939] multiqc                                            [DEBUG  ]  File ignored by rseqc/junction_annotation because it exceeded search pattern filesize limit: SRR3414636_1_fastqc.html
[2021-12-03 00:44:00,939] multiqc                                            [DEBUG  ]  File ignored by rseqc/read_distribution because it exceeded search pattern filesize limit: SRR3414636_1_fastqc.html
[2021-12-03 00:44:00,939] multiqc                                            [DEBUG  ]  File ignored by rseqc/infer_experiment because it exceeded search pattern filesize limit: SRR3414636_1_fastqc.html
[2021-12-03 00:44:01,023] multiqc                                            [DEBUG  ]  File ignored by ccs/v4 because it exceeded search pattern filesize limit: SRR3414630_1_fastqc.html
[2021-12-03 00:44:01,024] multiqc                                            [DEBUG  ]  File ignored by hicexplorer because it exceeded search pattern filesize limit: SRR3414630_1_fastqc.html
[2021-12-03 00:44:01,024] multiqc                                            [DEBUG  ]  File ignored by nanostat because it exceeded search pattern filesize limit: SRR3414630_1_fastqc.html
[2021-12-03 00:44:01,024] multiqc                                            [DEBUG  ]  File ignored by lima/summary because it exceeded search pattern filesize limit: SRR3414630_1_fastqc.html
[2021-12-03 00:44:01,026] multiqc                                            [DEBUG  ]  File ignored by vep/vep_txt because it exceeded search pattern filesize limit: SRR3414630_1_fastqc.html
[2021-12-03 00:44:01,026] multiqc                                            [DEBUG  ]  File ignored by longranger/invocation because it exceeded search pattern filesize limit: SRR3414630_1_fastqc.html
[2021-12-03 00:44:01,026] multiqc                                            [DEBUG  ]  File ignored by rockhopper because it exceeded search pattern filesize limit: SRR3414630_1_fastqc.html
[2021-12-03 00:44:01,026] multiqc                                            [DEBUG  ]  File ignored by rseqc/bam_stat because it exceeded search pattern filesize limit: SRR3414630_1_fastqc.html
[2021-12-03 00:44:01,026] multiqc                                            [DEBUG  ]  File ignored by rseqc/junction_annotation because it exceeded search pattern filesize limit: SRR3414630_1_fastqc.html
[2021-12-03 00:44:01,026] multiqc                                            [DEBUG  ]  File ignored by rseqc/read_distribution because it exceeded search pattern filesize limit: SRR3414630_1_fastqc.html
[2021-12-03 00:44:01,026] multiqc                                            [DEBUG  ]  File ignored by rseqc/infer_experiment because it exceeded search pattern filesize limit: SRR3414630_1_fastqc.html
[2021-12-03 00:44:01,121] multiqc                                            [DEBUG  ]  File ignored by ccs/v4 because it exceeded search pattern filesize limit: SRR3414629_1_fastqc.html
[2021-12-03 00:44:01,122] multiqc                                            [DEBUG  ]  File ignored by hicexplorer because it exceeded search pattern filesize limit: SRR3414629_1_fastqc.html
[2021-12-03 00:44:01,123] multiqc                                            [DEBUG  ]  File ignored by nanostat because it exceeded search pattern filesize limit: SRR3414629_1_fastqc.html
[2021-12-03 00:44:01,123] multiqc                                            [DEBUG  ]  File ignored by lima/summary because it exceeded search pattern filesize limit: SRR3414629_1_fastqc.html
[2021-12-03 00:44:01,125] multiqc                                            [DEBUG  ]  File ignored by vep/vep_txt because it exceeded search pattern filesize limit: SRR3414629_1_fastqc.html
[2021-12-03 00:44:01,125] multiqc                                            [DEBUG  ]  File ignored by longranger/invocation because it exceeded search pattern filesize limit: SRR3414629_1_fastqc.html
[2021-12-03 00:44:01,125] multiqc                                            [DEBUG  ]  File ignored by rockhopper because it exceeded search pattern filesize limit: SRR3414629_1_fastqc.html
[2021-12-03 00:44:01,125] multiqc                                            [DEBUG  ]  File ignored by rseqc/bam_stat because it exceeded search pattern filesize limit: SRR3414629_1_fastqc.html
[2021-12-03 00:44:01,125] multiqc                                            [DEBUG  ]  File ignored by rseqc/junction_annotation because it exceeded search pattern filesize limit: SRR3414629_1_fastqc.html
[2021-12-03 00:44:01,125] multiqc                                            [DEBUG  ]  File ignored by rseqc/read_distribution because it exceeded search pattern filesize limit: SRR3414629_1_fastqc.html
[2021-12-03 00:44:01,125] multiqc                                            [DEBUG  ]  File ignored by rseqc/infer_experiment because it exceeded search pattern filesize limit: SRR3414629_1_fastqc.html
[2021-12-03 00:44:01,791] multiqc.plots.bargraph                             [DEBUG  ]  Using matplotlib version 3.2.2
[2021-12-03 00:44:01,792] multiqc.plots.linegraph                            [DEBUG  ]  Using matplotlib version 3.2.2
[2021-12-03 00:44:01,793] multiqc                                            [DEBUG  ]  No samples found: custom_content
[2021-12-03 00:44:01,802] multiqc                                            [DEBUG  ]  No samples found: ccs
[2021-12-03 00:44:01,809] multiqc                                            [DEBUG  ]  No samples found: ngsderive
[2021-12-03 00:44:01,816] multiqc                                            [DEBUG  ]  No samples found: purple
[2021-12-03 00:44:01,824] multiqc                                            [DEBUG  ]  No samples found: conpair
[2021-12-03 00:44:01,831] multiqc                                            [DEBUG  ]  No samples found: lima
[2021-12-03 00:44:01,839] multiqc                                            [DEBUG  ]  No samples found: peddy
[2021-12-03 00:44:01,846] multiqc                                            [DEBUG  ]  No samples found: somalier
[2021-12-03 00:44:01,853] multiqc                                            [DEBUG  ]  No samples found: methylQA
[2021-12-03 00:44:01,865] multiqc.modules.mosdepth.mosdepth                  [DEBUG  ]  include_contigs: []
[2021-12-03 00:44:01,866] multiqc.modules.mosdepth.mosdepth                  [DEBUG  ]  exclude_contigs: []
[2021-12-03 00:44:01,866] multiqc                                            [DEBUG  ]  No samples found: mosdepth
[2021-12-03 00:44:01,871] multiqc                                            [DEBUG  ]  No samples found: phantompeakqualtools
[2021-12-03 00:44:01,875] multiqc                                            [DEBUG  ]  No samples found: qualimap
[2021-12-03 00:44:01,882] multiqc                                            [DEBUG  ]  No samples found: preseq
[2021-12-03 00:44:01,888] multiqc                                            [DEBUG  ]  No samples found: quast
[2021-12-03 00:44:01,895] multiqc                                            [DEBUG  ]  No samples found: qorts
[2021-12-03 00:44:01,900] multiqc                                            [DEBUG  ]  No samples found: rna_seqc
[2021-12-03 00:44:01,904] multiqc                                            [DEBUG  ]  No samples found: rockhopper
[2021-12-03 00:44:01,909] multiqc                                            [DEBUG  ]  No samples found: rsem
[2021-12-03 00:44:01,917] multiqc                                            [DEBUG  ]  No samples found: rseqc
[2021-12-03 00:44:01,924] multiqc                                            [DEBUG  ]  No samples found: busco
[2021-12-03 00:44:01,929] multiqc                                            [DEBUG  ]  No samples found: bustools
[2021-12-03 00:44:01,937] multiqc                                            [DEBUG  ]  No samples found: goleft_indexcov
[2021-12-03 00:44:01,944] multiqc                                            [DEBUG  ]  No samples found: gffcompare
[2021-12-03 00:44:01,953] multiqc                                            [DEBUG  ]  No samples found: disambiguate
[2021-12-03 00:44:01,959] multiqc                                            [DEBUG  ]  No samples found: supernova
[2021-12-03 00:44:01,971] multiqc                                            [DEBUG  ]  No samples found: deeptools
[2021-12-03 00:44:01,975] multiqc                                            [DEBUG  ]  No samples found: sargasso
[2021-12-03 00:44:01,982] multiqc                                            [DEBUG  ]  No samples found: verifybamid
[2021-12-03 00:44:01,989] multiqc                                            [DEBUG  ]  No samples found: mirtrace
[2021-12-03 00:44:01,995] multiqc                                            [DEBUG  ]  No samples found: happy
[2021-12-03 00:44:02,002] multiqc                                            [DEBUG  ]  No samples found: mirtop
[2021-12-03 00:44:02,007] multiqc                                            [DEBUG  ]  No samples found: sambamba
[2021-12-03 00:44:02,015] multiqc                                            [DEBUG  ]  No samples found: homer
[2021-12-03 00:44:02,021] multiqc                                            [DEBUG  ]  No samples found: hops
[2021-12-03 00:44:02,028] multiqc                                            [DEBUG  ]  No samples found: macs2
[2021-12-03 00:44:02,033] multiqc                                            [DEBUG  ]  No samples found: theta2
[2021-12-03 00:44:02,039] multiqc                                            [DEBUG  ]  No samples found: snpeff
[2021-12-03 00:44:02,056] multiqc                                            [DEBUG  ]  No samples found: gatk
[2021-12-03 00:44:02,063] multiqc                                            [DEBUG  ]  No samples found: htseq
[2021-12-03 00:44:02,072] multiqc                                            [DEBUG  ]  No samples found: bcftools
[2021-12-03 00:44:02,082] multiqc                                            [DEBUG  ]  No samples found: featureCounts
[2021-12-03 00:44:02,096] multiqc                                            [DEBUG  ]  No samples found: fgbio
[2021-12-03 00:44:02,108] multiqc                                            [DEBUG  ]  No samples found: dragen
[2021-12-03 00:44:02,115] multiqc                                            [DEBUG  ]  No samples found: dedup
[2021-12-03 00:44:02,122] multiqc                                            [DEBUG  ]  No samples found: damageprofiler
[2021-12-03 00:44:02,142] multiqc                                            [DEBUG  ]  No samples found: biobambam2
[2021-12-03 00:44:02,148] multiqc                                            [DEBUG  ]  No samples found: jcvi
[2021-12-03 00:44:02,153] multiqc                                            [DEBUG  ]  No samples found: mtnucratio
[2021-12-03 00:44:02,157] multiqc                                            [DEBUG  ]  No samples found: picard
[2021-12-03 00:44:02,164] multiqc                                            [DEBUG  ]  No samples found: vep
[2021-12-03 00:44:02,170] multiqc                                            [DEBUG  ]  No samples found: sentieon
[2021-12-03 00:44:02,174] multiqc                                            [DEBUG  ]  No samples found: prokka
[2021-12-03 00:44:02,180] multiqc                                            [DEBUG  ]  No samples found: qc3C
[2021-12-03 00:44:02,184] multiqc                                            [DEBUG  ]  No samples found: nanostat
[2021-12-03 00:44:02,188] multiqc                                            [DEBUG  ]  No samples found: samblaster
[2021-12-03 00:44:02,194] multiqc                                            [DEBUG  ]  No samples found: samtools
[2021-12-03 00:44:02,199] multiqc                                            [DEBUG  ]  No samples found: sexdeterrmine
[2021-12-03 00:44:02,204] multiqc                                            [DEBUG  ]  No samples found: eigenstratdatabasetools
[2021-12-03 00:44:02,210] multiqc                                            [DEBUG  ]  No samples found: bamtools
[2021-12-03 00:44:02,214] multiqc                                            [DEBUG  ]  No samples found: jellyfish
[2021-12-03 00:44:02,222] multiqc                                            [DEBUG  ]  No samples found: vcftools
[2021-12-03 00:44:02,228] multiqc                                            [DEBUG  ]  No samples found: longranger
[2021-12-03 00:44:02,233] multiqc                                            [DEBUG  ]  No samples found: stacks
[2021-12-03 00:44:02,238] multiqc                                            [DEBUG  ]  No samples found: varscan2
[2021-12-03 00:44:02,244] multiqc                                            [DEBUG  ]  No samples found: snippy
[2021-12-03 00:44:02,254] multiqc                                            [DEBUG  ]  No samples found: bbmap
[2021-12-03 00:44:02,260] multiqc                                            [DEBUG  ]  No samples found: bismark
[2021-12-03 00:44:02,265] multiqc                                            [DEBUG  ]  No samples found: biscuit
[2021-12-03 00:44:02,270] multiqc                                            [DEBUG  ]  No samples found: hicexplorer
[2021-12-03 00:44:02,276] multiqc                                            [DEBUG  ]  No samples found: hicup
[2021-12-03 00:44:02,281] multiqc                                            [DEBUG  ]  No samples found: hicpro
[2021-12-03 00:44:02,285] multiqc                                            [DEBUG  ]  No samples found: salmon
[2021-12-03 00:44:02,290] multiqc                                            [DEBUG  ]  No samples found: kallisto
[2021-12-03 00:44:02,295] multiqc                                            [DEBUG  ]  No samples found: slamdunk
[2021-12-03 00:44:02,301] multiqc                                            [DEBUG  ]  No samples found: star
[2021-12-03 00:44:02,305] multiqc                                            [DEBUG  ]  No samples found: hisat2
[2021-12-03 00:44:02,311] multiqc                                            [DEBUG  ]  No samples found: tophat
[2021-12-03 00:44:02,316] multiqc                                            [DEBUG  ]  No samples found: bowtie2
[2021-12-03 00:44:02,321] multiqc                                            [DEBUG  ]  No samples found: bowtie1
[2021-12-03 00:44:02,327] multiqc                                            [DEBUG  ]  No samples found: snpsplit
[2021-12-03 00:44:02,331] multiqc                                            [DEBUG  ]  No samples found: odgi
[2021-12-03 00:44:02,336] multiqc                                            [DEBUG  ]  No samples found: pangolin
[2021-12-03 00:44:02,341] multiqc                                            [DEBUG  ]  No samples found: kat
[2021-12-03 00:44:02,346] multiqc                                            [DEBUG  ]  No samples found: leehom
[2021-12-03 00:44:02,352] multiqc                                            [DEBUG  ]  No samples found: adapterRemoval
[2021-12-03 00:44:02,358] multiqc                                            [DEBUG  ]  No samples found: clipandmerge
[2021-12-03 00:44:02,364] multiqc                                            [DEBUG  ]  No samples found: cutadapt
[2021-12-03 00:44:02,370] multiqc                                            [DEBUG  ]  No samples found: flexbar
[2021-12-03 00:44:02,375] multiqc                                            [DEBUG  ]  No samples found: kaiju
[2021-12-03 00:44:02,380] multiqc                                            [DEBUG  ]  No samples found: kraken
[2021-12-03 00:44:02,385] multiqc                                            [DEBUG  ]  No samples found: malt
[2021-12-03 00:44:02,390] multiqc                                            [DEBUG  ]  No samples found: trimmomatic
[2021-12-03 00:44:02,395] multiqc                                            [DEBUG  ]  No samples found: sickle
[2021-12-03 00:44:02,399] multiqc                                            [DEBUG  ]  No samples found: skewer
[2021-12-03 00:44:02,403] multiqc                                            [DEBUG  ]  No samples found: sortmerna
[2021-12-03 00:44:02,408] multiqc                                            [DEBUG  ]  No samples found: biobloomtools
[2021-12-03 00:44:02,414] multiqc                                            [DEBUG  ]  No samples found: fastq_screen
[2021-12-03 00:44:02,419] multiqc                                            [DEBUG  ]  No samples found: afterqc
[2021-12-03 00:44:02,424] multiqc                                            [DEBUG  ]  No samples found: fastp
[2021-12-03 00:44:02,610] multiqc.modules.fastqc.fastqc                      [INFO   ]  Found 6 reports
[2021-12-03 00:44:02,724] multiqc                                            [DEBUG  ]  No samples found: pychopper
[2021-12-03 00:44:02,729] multiqc                                            [DEBUG  ]  No samples found: pycoqc
[2021-12-03 00:44:02,733] multiqc                                            [DEBUG  ]  No samples found: minionqc
[2021-12-03 00:44:02,738] multiqc                                            [DEBUG  ]  No samples found: multivcfanalyzer
[2021-12-03 00:44:02,742] multiqc                                            [DEBUG  ]  No samples found: clusterflow
[2021-12-03 00:44:02,748] multiqc                                            [DEBUG  ]  No samples found: bcl2fastq
[2021-12-03 00:44:02,753] multiqc                                            [DEBUG  ]  No samples found: bclconvert
[2021-12-03 00:44:02,757] multiqc                                            [DEBUG  ]  No samples found: interop
[2021-12-03 00:44:02,762] multiqc                                            [DEBUG  ]  No samples found: ivar
[2021-12-03 00:44:02,766] multiqc                                            [DEBUG  ]  No samples found: flash
[2021-12-03 00:44:02,770] multiqc                                            [DEBUG  ]  No samples found: seqyclean
[2021-12-03 00:44:02,774] multiqc                                            [DEBUG  ]  No samples found: optitype
[2021-12-03 00:44:02,783] multiqc                                            [INFO   ]  Compressing plot data
[2021-12-03 00:44:02,889] multiqc                                            [INFO   ]  Report      : multiqc/multiqc_report.html
[2021-12-03 00:44:02,889] multiqc                                            [INFO   ]  Data        : multiqc/multiqc_data
[2021-12-03 00:44:02,889] multiqc                                            [DEBUG  ]  Moving data file from '/tmp/tmpm1tf4zm0/multiqc_data' to 'multiqc/multiqc_data'
[2021-12-03 00:44:03,024] multiqc                                            [INFO   ]  MultiQC complete
